2023-12-25 14:37:01,278:WARNING:
'cuml' is a soft dependency and not included in the pycaret installation. Please run: `pip install cuml` to install.
2023-12-25 14:37:01,279:WARNING:
'cuml' is a soft dependency and not included in the pycaret installation. Please run: `pip install cuml` to install.
2023-12-25 14:37:01,279:WARNING:
'cuml' is a soft dependency and not included in the pycaret installation. Please run: `pip install cuml` to install.
2023-12-25 14:37:01,279:WARNING:
'cuml' is a soft dependency and not included in the pycaret installation. Please run: `pip install cuml` to install.
2023-12-25 14:37:07,084:WARNING:C:\Users\Samsung\AppData\Local\Programs\Python\Python311\Lib\site-packages\numba\core\decorators.py:262: NumbaDeprecationWarning: [1mnumba.generated_jit is deprecated. Please see the documentation at: https://numba.readthedocs.io/en/stable/reference/deprecation.html#deprecation-of-generated-jit for more information and advice on a suitable replacement.[0m
  warnings.warn(msg, NumbaDeprecationWarning)

2023-12-25 14:37:07,206:WARNING:C:\Users\Samsung\AppData\Local\Programs\Python\Python311\Lib\site-packages\visions\backends\shared\nan_handling.py:50: NumbaDeprecationWarning: [1mThe 'nopython' keyword argument was not supplied to the 'numba.jit' decorator. The implicit default value for this argument is currently False, but it will be changed to True in Numba 0.59.0. See https://numba.readthedocs.io/en/stable/reference/deprecation.html#deprecation-of-object-mode-fall-back-behaviour-when-using-jit for details.[0m
  @nb.jit

2023-12-25 14:38:33,483:WARNING:
'cuml' is a soft dependency and not included in the pycaret installation. Please run: `pip install cuml` to install.
2023-12-25 14:38:33,483:WARNING:
'cuml' is a soft dependency and not included in the pycaret installation. Please run: `pip install cuml` to install.
2023-12-25 14:38:33,483:WARNING:
'cuml' is a soft dependency and not included in the pycaret installation. Please run: `pip install cuml` to install.
2023-12-25 14:38:33,483:WARNING:
'cuml' is a soft dependency and not included in the pycaret installation. Please run: `pip install cuml` to install.
2023-12-25 14:38:37,439:WARNING:C:\Users\Samsung\AppData\Local\Programs\Python\Python311\Lib\site-packages\numba\core\decorators.py:262: NumbaDeprecationWarning: [1mnumba.generated_jit is deprecated. Please see the documentation at: https://numba.readthedocs.io/en/stable/reference/deprecation.html#deprecation-of-generated-jit for more information and advice on a suitable replacement.[0m
  warnings.warn(msg, NumbaDeprecationWarning)

2023-12-25 14:38:37,459:WARNING:C:\Users\Samsung\AppData\Local\Programs\Python\Python311\Lib\site-packages\visions\backends\shared\nan_handling.py:50: NumbaDeprecationWarning: [1mThe 'nopython' keyword argument was not supplied to the 'numba.jit' decorator. The implicit default value for this argument is currently False, but it will be changed to True in Numba 0.59.0. See https://numba.readthedocs.io/en/stable/reference/deprecation.html#deprecation-of-object-mode-fall-back-behaviour-when-using-jit for details.[0m
  @nb.jit

2023-12-25 14:43:29,875:WARNING:
'cuml' is a soft dependency and not included in the pycaret installation. Please run: `pip install cuml` to install.
2023-12-25 14:43:29,875:WARNING:
'cuml' is a soft dependency and not included in the pycaret installation. Please run: `pip install cuml` to install.
2023-12-25 14:43:29,876:WARNING:
'cuml' is a soft dependency and not included in the pycaret installation. Please run: `pip install cuml` to install.
2023-12-25 14:43:29,876:WARNING:
'cuml' is a soft dependency and not included in the pycaret installation. Please run: `pip install cuml` to install.
2023-12-25 14:43:33,243:WARNING:C:\Users\Samsung\AppData\Local\Programs\Python\Python311\Lib\site-packages\numba\core\decorators.py:262: NumbaDeprecationWarning: [1mnumba.generated_jit is deprecated. Please see the documentation at: https://numba.readthedocs.io/en/stable/reference/deprecation.html#deprecation-of-generated-jit for more information and advice on a suitable replacement.[0m
  warnings.warn(msg, NumbaDeprecationWarning)

2023-12-25 14:43:33,277:WARNING:C:\Users\Samsung\AppData\Local\Programs\Python\Python311\Lib\site-packages\visions\backends\shared\nan_handling.py:50: NumbaDeprecationWarning: [1mThe 'nopython' keyword argument was not supplied to the 'numba.jit' decorator. The implicit default value for this argument is currently False, but it will be changed to True in Numba 0.59.0. See https://numba.readthedocs.io/en/stable/reference/deprecation.html#deprecation-of-object-mode-fall-back-behaviour-when-using-jit for details.[0m
  @nb.jit

2023-12-25 14:47:27,596:WARNING:
'cuml' is a soft dependency and not included in the pycaret installation. Please run: `pip install cuml` to install.
2023-12-25 14:47:27,596:WARNING:
'cuml' is a soft dependency and not included in the pycaret installation. Please run: `pip install cuml` to install.
2023-12-25 14:47:27,596:WARNING:
'cuml' is a soft dependency and not included in the pycaret installation. Please run: `pip install cuml` to install.
2023-12-25 14:47:27,596:WARNING:
'cuml' is a soft dependency and not included in the pycaret installation. Please run: `pip install cuml` to install.
2023-12-25 14:47:32,719:WARNING:C:\Users\Samsung\Desktop\streamlitss\app.py:9: DeprecationWarning: `import pandas_profiling` is going to be deprecated by April 1st. Please use `import ydata_profiling` instead.
  import pandas_profiling

2023-12-25 14:50:35,524:INFO:PyCaret ClassificationExperiment
2023-12-25 14:50:35,524:INFO:Logging name: clf-default-name
2023-12-25 14:50:35,524:INFO:ML Usecase: MLUsecase.CLASSIFICATION
2023-12-25 14:50:35,524:INFO:version 3.2.0
2023-12-25 14:50:35,524:INFO:Initializing setup()
2023-12-25 14:50:35,525:INFO:self.USI: f342
2023-12-25 14:50:35,525:INFO:self._variable_keys: {'X', 'memory', '_ml_usecase', 'X_train', 'exp_name_log', 'gpu_n_jobs_param', '_available_plots', 'fold_shuffle_param', 'gpu_param', 'target_param', 'X_test', 'data', 'fix_imbalance', 'pipeline', 'exp_id', 'logging_param', 'log_plots_param', 'idx', 'n_jobs_param', 'y', 'fold_groups_param', 'y_train', 'is_multiclass', 'html_param', 'fold_generator', 'USI', 'seed', 'y_test'}
2023-12-25 14:50:35,525:INFO:Checking environment
2023-12-25 14:50:35,525:INFO:python_version: 3.11.7
2023-12-25 14:50:35,525:INFO:python_build: ('tags/v3.11.7:fa7a6f2', 'Dec  4 2023 19:24:49')
2023-12-25 14:50:35,525:INFO:machine: AMD64
2023-12-25 14:50:35,544:INFO:platform: Windows-10-10.0.18363-SP0
2023-12-25 14:50:35,550:INFO:Memory: svmem(total=5884465152, available=1983221760, percent=66.3, used=3901243392, free=1983221760)
2023-12-25 14:50:35,551:INFO:Physical Core: 4
2023-12-25 14:50:35,551:INFO:Logical Core: 4
2023-12-25 14:50:35,551:INFO:Checking libraries
2023-12-25 14:50:35,551:INFO:System:
2023-12-25 14:50:35,551:INFO:    python: 3.11.7 (tags/v3.11.7:fa7a6f2, Dec  4 2023, 19:24:49) [MSC v.1937 64 bit (AMD64)]
2023-12-25 14:50:35,552:INFO:executable: C:\Users\Samsung\AppData\Local\Programs\Python\Python311\python.exe
2023-12-25 14:50:35,552:INFO:   machine: Windows-10-10.0.18363-SP0
2023-12-25 14:50:35,552:INFO:PyCaret required dependencies:
2023-12-25 14:50:35,634:INFO:                 pip: 23.3.2
2023-12-25 14:50:35,635:INFO:          setuptools: 65.5.0
2023-12-25 14:50:35,636:INFO:             pycaret: 3.2.0
2023-12-25 14:50:35,636:INFO:             IPython: 8.19.0
2023-12-25 14:50:35,637:INFO:          ipywidgets: 8.1.1
2023-12-25 14:50:35,637:INFO:                tqdm: 4.66.1
2023-12-25 14:50:35,637:INFO:               numpy: 1.25.2
2023-12-25 14:50:35,637:INFO:              pandas: 1.5.3
2023-12-25 14:50:35,637:INFO:              jinja2: 3.1.2
2023-12-25 14:50:35,637:INFO:               scipy: 1.10.1
2023-12-25 14:50:35,637:INFO:              joblib: 1.1.1
2023-12-25 14:50:35,637:INFO:             sklearn: 1.2.2
2023-12-25 14:50:35,637:INFO:                pyod: 1.1.2
2023-12-25 14:50:35,638:INFO:            imblearn: 0.11.0
2023-12-25 14:50:35,638:INFO:   category_encoders: 2.6.3
2023-12-25 14:50:35,638:INFO:            lightgbm: 4.2.0
2023-12-25 14:50:35,638:INFO:               numba: 0.58.1
2023-12-25 14:50:35,638:INFO:            requests: 2.31.0
2023-12-25 14:50:35,638:INFO:          matplotlib: 3.6.0
2023-12-25 14:50:35,638:INFO:          scikitplot: 0.3.7
2023-12-25 14:50:35,638:INFO:         yellowbrick: 1.5
2023-12-25 14:50:35,639:INFO:              plotly: 5.18.0
2023-12-25 14:50:35,639:INFO:    plotly-resampler: Not installed
2023-12-25 14:50:35,639:INFO:             kaleido: 0.2.1
2023-12-25 14:50:35,639:INFO:           schemdraw: 0.15
2023-12-25 14:50:35,639:INFO:         statsmodels: 0.14.1
2023-12-25 14:50:35,639:INFO:              sktime: 0.21.1
2023-12-25 14:50:35,639:INFO:               tbats: 1.1.3
2023-12-25 14:50:35,639:INFO:            pmdarima: 2.0.4
2023-12-25 14:50:35,639:INFO:              psutil: 5.9.7
2023-12-25 14:50:35,640:INFO:          markupsafe: 2.1.3
2023-12-25 14:50:35,640:INFO:             pickle5: Not installed
2023-12-25 14:50:35,640:INFO:         cloudpickle: 3.0.0
2023-12-25 14:50:35,640:INFO:         deprecation: 2.1.0
2023-12-25 14:50:35,640:INFO:              xxhash: 3.4.1
2023-12-25 14:50:35,640:INFO:           wurlitzer: Not installed
2023-12-25 14:50:35,640:INFO:PyCaret optional dependencies:
2023-12-25 14:50:35,675:INFO:                shap: Not installed
2023-12-25 14:50:35,675:INFO:           interpret: Not installed
2023-12-25 14:50:35,675:INFO:                umap: Not installed
2023-12-25 14:50:35,675:INFO:     ydata_profiling: 0.0.dev0
2023-12-25 14:50:35,675:INFO:  explainerdashboard: Not installed
2023-12-25 14:50:35,675:INFO:             autoviz: Not installed
2023-12-25 14:50:35,675:INFO:           fairlearn: Not installed
2023-12-25 14:50:35,676:INFO:          deepchecks: Not installed
2023-12-25 14:50:35,676:INFO:             xgboost: Not installed
2023-12-25 14:50:35,676:INFO:            catboost: Not installed
2023-12-25 14:50:35,676:INFO:              kmodes: Not installed
2023-12-25 14:50:35,676:INFO:             mlxtend: Not installed
2023-12-25 14:50:35,676:INFO:       statsforecast: Not installed
2023-12-25 14:50:35,676:INFO:        tune_sklearn: Not installed
2023-12-25 14:50:35,676:INFO:                 ray: Not installed
2023-12-25 14:50:35,676:INFO:            hyperopt: Not installed
2023-12-25 14:50:35,677:INFO:              optuna: Not installed
2023-12-25 14:50:35,677:INFO:               skopt: Not installed
2023-12-25 14:50:35,677:INFO:              mlflow: Not installed
2023-12-25 14:50:35,677:INFO:              gradio: Not installed
2023-12-25 14:50:35,677:INFO:             fastapi: Not installed
2023-12-25 14:50:35,677:INFO:             uvicorn: Not installed
2023-12-25 14:50:35,677:INFO:              m2cgen: Not installed
2023-12-25 14:50:35,677:INFO:           evidently: Not installed
2023-12-25 14:50:35,677:INFO:               fugue: Not installed
2023-12-25 14:50:35,678:INFO:           streamlit: 1.29.0
2023-12-25 14:50:35,678:INFO:             prophet: Not installed
2023-12-25 14:50:35,678:INFO:None
2023-12-25 14:50:35,678:INFO:Set up data.
2023-12-25 14:50:35,782:INFO:Set up folding strategy.
2023-12-25 14:50:35,782:INFO:Set up train/test split.
2023-12-25 14:50:49,255:INFO:PyCaret ClassificationExperiment
2023-12-25 14:50:49,255:INFO:Logging name: clf-default-name
2023-12-25 14:50:49,255:INFO:ML Usecase: MLUsecase.CLASSIFICATION
2023-12-25 14:50:49,255:INFO:version 3.2.0
2023-12-25 14:50:49,255:INFO:Initializing setup()
2023-12-25 14:50:49,255:INFO:self.USI: a2a3
2023-12-25 14:50:49,255:INFO:self._variable_keys: {'X', 'memory', '_ml_usecase', 'X_train', 'exp_name_log', 'gpu_n_jobs_param', '_available_plots', 'fold_shuffle_param', 'gpu_param', 'target_param', 'X_test', 'data', 'fix_imbalance', 'pipeline', 'exp_id', 'logging_param', 'log_plots_param', 'idx', 'n_jobs_param', 'y', 'fold_groups_param', 'y_train', 'is_multiclass', 'html_param', 'fold_generator', 'USI', 'seed', 'y_test'}
2023-12-25 14:50:49,255:INFO:Checking environment
2023-12-25 14:50:49,256:INFO:python_version: 3.11.7
2023-12-25 14:50:49,256:INFO:python_build: ('tags/v3.11.7:fa7a6f2', 'Dec  4 2023 19:24:49')
2023-12-25 14:50:49,256:INFO:machine: AMD64
2023-12-25 14:50:49,256:INFO:platform: Windows-10-10.0.18363-SP0
2023-12-25 14:50:49,263:INFO:Memory: svmem(total=5884465152, available=2001227776, percent=66.0, used=3883237376, free=2001227776)
2023-12-25 14:50:49,264:INFO:Physical Core: 4
2023-12-25 14:50:49,264:INFO:Logical Core: 4
2023-12-25 14:50:49,264:INFO:Checking libraries
2023-12-25 14:50:49,264:INFO:System:
2023-12-25 14:50:49,265:INFO:    python: 3.11.7 (tags/v3.11.7:fa7a6f2, Dec  4 2023, 19:24:49) [MSC v.1937 64 bit (AMD64)]
2023-12-25 14:50:49,265:INFO:executable: C:\Users\Samsung\AppData\Local\Programs\Python\Python311\python.exe
2023-12-25 14:50:49,265:INFO:   machine: Windows-10-10.0.18363-SP0
2023-12-25 14:50:49,265:INFO:PyCaret required dependencies:
2023-12-25 14:50:49,266:INFO:                 pip: 23.3.2
2023-12-25 14:50:49,266:INFO:          setuptools: 65.5.0
2023-12-25 14:50:49,266:INFO:             pycaret: 3.2.0
2023-12-25 14:50:49,266:INFO:             IPython: 8.19.0
2023-12-25 14:50:49,266:INFO:          ipywidgets: 8.1.1
2023-12-25 14:50:49,266:INFO:                tqdm: 4.66.1
2023-12-25 14:50:49,267:INFO:               numpy: 1.25.2
2023-12-25 14:50:49,267:INFO:              pandas: 1.5.3
2023-12-25 14:50:49,267:INFO:              jinja2: 3.1.2
2023-12-25 14:50:49,267:INFO:               scipy: 1.10.1
2023-12-25 14:50:49,267:INFO:              joblib: 1.1.1
2023-12-25 14:50:49,267:INFO:             sklearn: 1.2.2
2023-12-25 14:50:49,267:INFO:                pyod: 1.1.2
2023-12-25 14:50:49,267:INFO:            imblearn: 0.11.0
2023-12-25 14:50:49,267:INFO:   category_encoders: 2.6.3
2023-12-25 14:50:49,267:INFO:            lightgbm: 4.2.0
2023-12-25 14:50:49,268:INFO:               numba: 0.58.1
2023-12-25 14:50:49,268:INFO:            requests: 2.31.0
2023-12-25 14:50:49,268:INFO:          matplotlib: 3.6.0
2023-12-25 14:50:49,268:INFO:          scikitplot: 0.3.7
2023-12-25 14:50:49,268:INFO:         yellowbrick: 1.5
2023-12-25 14:50:49,268:INFO:              plotly: 5.18.0
2023-12-25 14:50:49,268:INFO:    plotly-resampler: Not installed
2023-12-25 14:50:49,268:INFO:             kaleido: 0.2.1
2023-12-25 14:50:49,268:INFO:           schemdraw: 0.15
2023-12-25 14:50:49,269:INFO:         statsmodels: 0.14.1
2023-12-25 14:50:49,269:INFO:              sktime: 0.21.1
2023-12-25 14:50:49,269:INFO:               tbats: 1.1.3
2023-12-25 14:50:49,269:INFO:            pmdarima: 2.0.4
2023-12-25 14:50:49,269:INFO:              psutil: 5.9.7
2023-12-25 14:50:49,269:INFO:          markupsafe: 2.1.3
2023-12-25 14:50:49,269:INFO:             pickle5: Not installed
2023-12-25 14:50:49,269:INFO:         cloudpickle: 3.0.0
2023-12-25 14:50:49,270:INFO:         deprecation: 2.1.0
2023-12-25 14:50:49,270:INFO:              xxhash: 3.4.1
2023-12-25 14:50:49,270:INFO:           wurlitzer: Not installed
2023-12-25 14:50:49,270:INFO:PyCaret optional dependencies:
2023-12-25 14:50:49,270:INFO:                shap: Not installed
2023-12-25 14:50:49,270:INFO:           interpret: Not installed
2023-12-25 14:50:49,271:INFO:                umap: Not installed
2023-12-25 14:50:49,271:INFO:     ydata_profiling: 0.0.dev0
2023-12-25 14:50:49,271:INFO:  explainerdashboard: Not installed
2023-12-25 14:50:49,271:INFO:             autoviz: Not installed
2023-12-25 14:50:49,271:INFO:           fairlearn: Not installed
2023-12-25 14:50:49,271:INFO:          deepchecks: Not installed
2023-12-25 14:50:49,271:INFO:             xgboost: Not installed
2023-12-25 14:50:49,271:INFO:            catboost: Not installed
2023-12-25 14:50:49,271:INFO:              kmodes: Not installed
2023-12-25 14:50:49,272:INFO:             mlxtend: Not installed
2023-12-25 14:50:49,272:INFO:       statsforecast: Not installed
2023-12-25 14:50:49,272:INFO:        tune_sklearn: Not installed
2023-12-25 14:50:49,272:INFO:                 ray: Not installed
2023-12-25 14:50:49,272:INFO:            hyperopt: Not installed
2023-12-25 14:50:49,272:INFO:              optuna: Not installed
2023-12-25 14:50:49,273:INFO:               skopt: Not installed
2023-12-25 14:50:49,273:INFO:              mlflow: Not installed
2023-12-25 14:50:49,273:INFO:              gradio: Not installed
2023-12-25 14:50:49,273:INFO:             fastapi: Not installed
2023-12-25 14:50:49,273:INFO:             uvicorn: Not installed
2023-12-25 14:50:49,273:INFO:              m2cgen: Not installed
2023-12-25 14:50:49,273:INFO:           evidently: Not installed
2023-12-25 14:50:49,273:INFO:               fugue: Not installed
2023-12-25 14:50:49,274:INFO:           streamlit: 1.29.0
2023-12-25 14:50:49,274:INFO:             prophet: Not installed
2023-12-25 14:50:49,274:INFO:None
2023-12-25 14:50:49,274:INFO:Set up data.
2023-12-25 14:50:49,429:INFO:Set up folding strategy.
2023-12-25 14:50:49,429:INFO:Set up train/test split.
2023-12-25 14:50:49,488:INFO:Set up index.
2023-12-25 14:50:49,489:INFO:Assigning column types.
2023-12-25 14:50:49,498:INFO:Engine successfully changes for model 'lr' to 'sklearn'.
2023-12-25 14:50:49,681:INFO:Engine for model 'knn' has not been set explicitly, hence returning None.
2023-12-25 14:50:49,688:INFO:Engine for model 'rbfsvm' has not been set explicitly, hence returning None.
2023-12-25 14:50:49,835:WARNING:
'xgboost' is a soft dependency and not included in the pycaret installation. Please run: `pip install xgboost` to install.
Alternately, you can install this by running `pip install pycaret[models]`
2023-12-25 14:50:49,836:WARNING:
'catboost' is a soft dependency and not included in the pycaret installation. Please run: `pip install catboost` to install.
Alternately, you can install this by running `pip install pycaret[models]`
2023-12-25 14:50:50,037:INFO:Engine for model 'knn' has not been set explicitly, hence returning None.
2023-12-25 14:50:50,040:INFO:Engine for model 'rbfsvm' has not been set explicitly, hence returning None.
2023-12-25 14:50:50,154:WARNING:
'xgboost' is a soft dependency and not included in the pycaret installation. Please run: `pip install xgboost` to install.
Alternately, you can install this by running `pip install pycaret[models]`
2023-12-25 14:50:50,155:WARNING:
'catboost' is a soft dependency and not included in the pycaret installation. Please run: `pip install catboost` to install.
Alternately, you can install this by running `pip install pycaret[models]`
2023-12-25 14:50:50,156:INFO:Engine successfully changes for model 'knn' to 'sklearn'.
2023-12-25 14:50:50,343:INFO:Engine for model 'rbfsvm' has not been set explicitly, hence returning None.
2023-12-25 14:50:50,465:WARNING:
'xgboost' is a soft dependency and not included in the pycaret installation. Please run: `pip install xgboost` to install.
Alternately, you can install this by running `pip install pycaret[models]`
2023-12-25 14:50:50,466:WARNING:
'catboost' is a soft dependency and not included in the pycaret installation. Please run: `pip install catboost` to install.
Alternately, you can install this by running `pip install pycaret[models]`
2023-12-25 14:50:50,652:INFO:Engine for model 'rbfsvm' has not been set explicitly, hence returning None.
2023-12-25 14:50:50,768:WARNING:
'xgboost' is a soft dependency and not included in the pycaret installation. Please run: `pip install xgboost` to install.
Alternately, you can install this by running `pip install pycaret[models]`
2023-12-25 14:50:50,769:WARNING:
'catboost' is a soft dependency and not included in the pycaret installation. Please run: `pip install catboost` to install.
Alternately, you can install this by running `pip install pycaret[models]`
2023-12-25 14:50:50,770:INFO:Engine successfully changes for model 'rbfsvm' to 'sklearn'.
2023-12-25 14:50:51,071:WARNING:
'xgboost' is a soft dependency and not included in the pycaret installation. Please run: `pip install xgboost` to install.
Alternately, you can install this by running `pip install pycaret[models]`
2023-12-25 14:50:51,071:WARNING:
'catboost' is a soft dependency and not included in the pycaret installation. Please run: `pip install catboost` to install.
Alternately, you can install this by running `pip install pycaret[models]`
2023-12-25 14:50:51,382:WARNING:
'xgboost' is a soft dependency and not included in the pycaret installation. Please run: `pip install xgboost` to install.
Alternately, you can install this by running `pip install pycaret[models]`
2023-12-25 14:50:51,383:WARNING:
'catboost' is a soft dependency and not included in the pycaret installation. Please run: `pip install catboost` to install.
Alternately, you can install this by running `pip install pycaret[models]`
2023-12-25 14:50:51,390:INFO:Preparing preprocessing pipeline...
2023-12-25 14:50:51,393:INFO:Set up label encoding.
2023-12-25 14:50:51,394:INFO:Set up simple imputation.
2023-12-25 14:50:51,408:INFO:Set up encoding of ordinal features.
2023-12-25 14:50:51,412:INFO:Set up encoding of categorical features.
2023-12-25 14:50:51,414:INFO:Set up column name cleaning.
2023-12-25 14:50:53,427:INFO:Finished creating preprocessing pipeline.
2023-12-25 14:50:53,482:INFO:Pipeline: Pipeline(memory=FastMemory(location=C:\Users\Samsung\AppData\Local\Temp\joblib),
         steps=[('label_encoding',
                 TransformerWrapperWithInverse(exclude=None, include=None,
                                               transformer=LabelEncoder())),
                ('numerical_imputer',
                 TransformerWrapper(exclude=None, include=['Rating', 'Founded'],
                                    transformer=SimpleImputer(add_indicator=False,
                                                              copy=True,
                                                              fill_value=None,
                                                              keep_e...
                                                                    'Name',
                                                                    'Location',
                                                                    'Headquarters',
                                                                    'Industry',
                                                                    'Competitors'],
                                                              drop_invariant=False,
                                                              handle_missing='return_nan',
                                                              handle_unknown='value',
                                                              hierarchy=None,
                                                              min_samples_leaf=20,
                                                              return_df=True,
                                                              smoothing=10,
                                                              verbose=0))),
                ('clean_column_names',
                 TransformerWrapper(exclude=None, include=None,
                                    transformer=CleanColumnNames(match='[\\]\\[\\,\\{\\}\\"\\:]+')))],
         verbose=False)
2023-12-25 14:50:53,482:INFO:Creating final display dataframe.
2023-12-25 14:50:56,405:INFO:Setup _display_container:                     Description                                              Value
0                    Session id                                               1926
1                        Target                                    Salary Estimate
2                   Target type                                         Multiclass
3                Target mapping  $100K-$160K (Glassdoor est.): 0, $100K-$181K (...
4           Original data shape                                         (2528, 15)
5        Transformed data shape                                         (2528, 72)
6   Transformed train set shape                                         (1769, 72)
7    Transformed test set shape                                          (759, 72)
8              Ordinal features                                                  1
9              Numeric features                                                  2
10         Categorical features                                                 12
11                   Preprocess                                               True
12              Imputation type                                             simple
13           Numeric imputation                                               mean
14       Categorical imputation                                               mode
15     Maximum one-hot encoding                                                 25
16              Encoding method                                               None
17               Fold Generator                                    StratifiedKFold
18                  Fold Number                                                 10
19                     CPU Jobs                                                 -1
20                      Use GPU                                              False
21               Log Experiment                                              False
22              Experiment Name                                   clf-default-name
23                          USI                                               a2a3
2023-12-25 14:50:56,703:WARNING:
'xgboost' is a soft dependency and not included in the pycaret installation. Please run: `pip install xgboost` to install.
Alternately, you can install this by running `pip install pycaret[models]`
2023-12-25 14:50:56,704:WARNING:
'catboost' is a soft dependency and not included in the pycaret installation. Please run: `pip install catboost` to install.
Alternately, you can install this by running `pip install pycaret[models]`
2023-12-25 14:50:57,007:WARNING:
'xgboost' is a soft dependency and not included in the pycaret installation. Please run: `pip install xgboost` to install.
Alternately, you can install this by running `pip install pycaret[models]`
2023-12-25 14:50:57,009:WARNING:
'catboost' is a soft dependency and not included in the pycaret installation. Please run: `pip install catboost` to install.
Alternately, you can install this by running `pip install pycaret[models]`
2023-12-25 14:50:57,011:INFO:setup() successfully completed in 7.76s...............
2023-12-25 14:50:57,022:INFO:Initializing compare_models()
2023-12-25 14:50:57,023:INFO:compare_models(self=<pycaret.classification.oop.ClassificationExperiment object at 0x0000019C16748E90>, include=None, exclude=None, fold=None, round=4, cross_validation=True, sort=Accuracy, n_select=1, budget_time=None, turbo=True, errors=ignore, fit_kwargs=None, groups=None, experiment_custom_tags=None, probability_threshold=None, verbose=True, parallel=None, caller_params={'self': <pycaret.classification.oop.ClassificationExperiment object at 0x0000019C16748E90>, 'include': None, 'exclude': None, 'fold': None, 'round': 4, 'cross_validation': True, 'sort': 'Accuracy', 'n_select': 1, 'budget_time': None, 'turbo': True, 'errors': 'ignore', 'fit_kwargs': None, 'groups': None, 'experiment_custom_tags': None, 'probability_threshold': None, 'engine': None, 'verbose': True, 'parallel': None, '__class__': <class 'pycaret.classification.oop.ClassificationExperiment'>})
2023-12-25 14:50:57,023:INFO:Checking exceptions
2023-12-25 14:50:57,035:INFO:Preparing display monitor
2023-12-25 14:50:57,047:INFO:Initializing Logistic Regression
2023-12-25 14:50:57,048:INFO:Total runtime is 1.6661485036214194e-05 minutes
2023-12-25 14:50:57,048:INFO:SubProcess create_model() called ==================================
2023-12-25 14:50:57,049:INFO:Initializing create_model()
2023-12-25 14:50:57,049:INFO:create_model(self=<pycaret.classification.oop.ClassificationExperiment object at 0x0000019C16748E90>, estimator=lr, fold=StratifiedKFold(n_splits=10, random_state=None, shuffle=False), round=4, cross_validation=True, predict=True, fit_kwargs={}, groups=None, refit=False, probability_threshold=None, experiment_custom_tags=None, verbose=False, system=False, add_to_model_list=True, metrics=None, display=<pycaret.internal.display.display.CommonDisplay object at 0x0000019C1AAC4450>, model_only=True, return_train_score=False, error_score=0.0, kwargs={})
2023-12-25 14:50:57,049:INFO:Checking exceptions
2023-12-25 14:50:57,050:INFO:Importing libraries
2023-12-25 14:50:57,050:INFO:Copying training dataset
2023-12-25 14:50:57,064:INFO:Defining folds
2023-12-25 14:50:57,064:INFO:Declaring metric variables
2023-12-25 14:50:57,065:INFO:Importing untrained model
2023-12-25 14:50:57,065:INFO:Logistic Regression Imported successfully
2023-12-25 14:50:57,066:INFO:Starting cross validation
2023-12-25 14:50:57,072:INFO:Cross validating with StratifiedKFold(n_splits=10, random_state=None, shuffle=False), n_jobs=-1
2023-12-25 14:50:57,094:WARNING:C:\Users\Samsung\AppData\Local\Programs\Python\Python311\Lib\site-packages\sklearn\model_selection\_split.py:700: UserWarning: The least populated class in y has only 4 members, which is less than n_splits=10.
  warnings.warn(

2023-12-25 14:51:34,195:WARNING:C:\Users\Samsung\AppData\Local\Programs\Python\Python311\Lib\site-packages\sklearn\linear_model\_logistic.py:458: ConvergenceWarning: lbfgs failed to converge (status=1):
STOP: TOTAL NO. of ITERATIONS REACHED LIMIT.

Increase the number of iterations (max_iter) or scale the data as shown in:
    https://scikit-learn.org/stable/modules/preprocessing.html
Please also refer to the documentation for alternative solver options:
    https://scikit-learn.org/stable/modules/linear_model.html#logistic-regression
  n_iter_i = _check_optimize_result(

2023-12-25 14:51:34,559:WARNING:C:\Users\Samsung\AppData\Local\Programs\Python\Python311\Lib\site-packages\sklearn\linear_model\_logistic.py:458: ConvergenceWarning: lbfgs failed to converge (status=1):
STOP: TOTAL NO. of ITERATIONS REACHED LIMIT.

Increase the number of iterations (max_iter) or scale the data as shown in:
    https://scikit-learn.org/stable/modules/preprocessing.html
Please also refer to the documentation for alternative solver options:
    https://scikit-learn.org/stable/modules/linear_model.html#logistic-regression
  n_iter_i = _check_optimize_result(

2023-12-25 14:51:34,842:WARNING:C:\Users\Samsung\AppData\Local\Programs\Python\Python311\Lib\site-packages\pycaret\internal\metrics.py:190: FitFailedWarning: Metric 'make_scorer(roc_auc_score, needs_proba=True, error_score=0.0, average=weighted, multi_class=ovr)' failed and error score 0.0 has been returned instead. If this is a custom metric, this usually means that the error is in the metric code. Full exception below:
Traceback (most recent call last):
  File "C:\Users\Samsung\AppData\Local\Programs\Python\Python311\Lib\site-packages\pycaret\internal\metrics.py", line 182, in _score
    return super()._score(
           ^^^^^^^^^^^^^^^
  File "C:\Users\Samsung\AppData\Local\Programs\Python\Python311\Lib\site-packages\sklearn\metrics\_scorer.py", line 327, in _score
    return self._sign * self._score_func(y, y_pred, **self._kwargs)
                        ^^^^^^^^^^^^^^^^^^^^^^^^^^^^^^^^^^^^^^^^^^^
  File "C:\Users\Samsung\AppData\Local\Programs\Python\Python311\Lib\site-packages\pycaret\internal\metrics.py", line 87, in __call__
    return self.score_func(y_true, y_pred, **kwargs)
           ^^^^^^^^^^^^^^^^^^^^^^^^^^^^^^^^^^^^^^^^^
  File "C:\Users\Samsung\AppData\Local\Programs\Python\Python311\Lib\site-packages\sklearn\metrics\_ranking.py", line 566, in roc_auc_score
    return _multiclass_roc_auc_score(
           ^^^^^^^^^^^^^^^^^^^^^^^^^^
  File "C:\Users\Samsung\AppData\Local\Programs\Python\Python311\Lib\site-packages\sklearn\metrics\_ranking.py", line 683, in _multiclass_roc_auc_score
    raise ValueError(
ValueError: Number of classes in y_true not equal to the number of columns in 'y_score'

  warnings.warn(

2023-12-25 14:51:34,850:WARNING:C:\Users\Samsung\AppData\Local\Programs\Python\Python311\Lib\site-packages\sklearn\metrics\_classification.py:1396: UserWarning: Note that pos_label (set to '$99K-$177K (Glassdoor est.)') is ignored when average != 'binary' (got 'weighted'). You may use labels=[pos_label] to specify a single positive class.
  warnings.warn(

2023-12-25 14:51:34,860:WARNING:C:\Users\Samsung\AppData\Local\Programs\Python\Python311\Lib\site-packages\sklearn\metrics\_classification.py:1344: UndefinedMetricWarning: Recall is ill-defined and being set to 0.0 in labels with no true samples. Use `zero_division` parameter to control this behavior.
  _warn_prf(average, modifier, msg_start, len(result))

2023-12-25 14:51:34,865:WARNING:C:\Users\Samsung\AppData\Local\Programs\Python\Python311\Lib\site-packages\sklearn\metrics\_classification.py:1396: UserWarning: Note that pos_label (set to '$99K-$177K (Glassdoor est.)') is ignored when average != 'binary' (got 'weighted'). You may use labels=[pos_label] to specify a single positive class.
  warnings.warn(

2023-12-25 14:51:34,871:WARNING:C:\Users\Samsung\AppData\Local\Programs\Python\Python311\Lib\site-packages\sklearn\metrics\_classification.py:1344: UndefinedMetricWarning: Precision is ill-defined and being set to 0.0 in labels with no predicted samples. Use `zero_division` parameter to control this behavior.
  _warn_prf(average, modifier, msg_start, len(result))

2023-12-25 14:51:34,908:WARNING:C:\Users\Samsung\AppData\Local\Programs\Python\Python311\Lib\site-packages\sklearn\metrics\_classification.py:1396: UserWarning: Note that pos_label (set to '$99K-$177K (Glassdoor est.)') is ignored when average != 'binary' (got 'weighted'). You may use labels=[pos_label] to specify a single positive class.
  warnings.warn(

2023-12-25 14:51:34,913:WARNING:C:\Users\Samsung\AppData\Local\Programs\Python\Python311\Lib\site-packages\sklearn\metrics\_classification.py:1609: UndefinedMetricWarning: F-score is ill-defined and being set to 0.0 in labels with no true nor predicted samples. Use `zero_division` parameter to control this behavior.
  _warn_prf(average, "true nor predicted", "F-score is", len(true_sum))

2023-12-25 14:51:35,072:WARNING:C:\Users\Samsung\AppData\Local\Programs\Python\Python311\Lib\site-packages\pycaret\internal\metrics.py:190: FitFailedWarning: Metric 'make_scorer(roc_auc_score, needs_proba=True, error_score=0.0, average=weighted, multi_class=ovr)' failed and error score 0.0 has been returned instead. If this is a custom metric, this usually means that the error is in the metric code. Full exception below:
Traceback (most recent call last):
  File "C:\Users\Samsung\AppData\Local\Programs\Python\Python311\Lib\site-packages\pycaret\internal\metrics.py", line 182, in _score
    return super()._score(
           ^^^^^^^^^^^^^^^
  File "C:\Users\Samsung\AppData\Local\Programs\Python\Python311\Lib\site-packages\sklearn\metrics\_scorer.py", line 327, in _score
    return self._sign * self._score_func(y, y_pred, **self._kwargs)
                        ^^^^^^^^^^^^^^^^^^^^^^^^^^^^^^^^^^^^^^^^^^^
  File "C:\Users\Samsung\AppData\Local\Programs\Python\Python311\Lib\site-packages\pycaret\internal\metrics.py", line 87, in __call__
    return self.score_func(y_true, y_pred, **kwargs)
           ^^^^^^^^^^^^^^^^^^^^^^^^^^^^^^^^^^^^^^^^^
  File "C:\Users\Samsung\AppData\Local\Programs\Python\Python311\Lib\site-packages\sklearn\metrics\_ranking.py", line 566, in roc_auc_score
    return _multiclass_roc_auc_score(
           ^^^^^^^^^^^^^^^^^^^^^^^^^^
  File "C:\Users\Samsung\AppData\Local\Programs\Python\Python311\Lib\site-packages\sklearn\metrics\_ranking.py", line 683, in _multiclass_roc_auc_score
    raise ValueError(
ValueError: Number of classes in y_true not equal to the number of columns in 'y_score'

  warnings.warn(

2023-12-25 14:51:35,079:WARNING:C:\Users\Samsung\AppData\Local\Programs\Python\Python311\Lib\site-packages\sklearn\metrics\_classification.py:1396: UserWarning: Note that pos_label (set to '$99K-$177K (Glassdoor est.)') is ignored when average != 'binary' (got 'weighted'). You may use labels=[pos_label] to specify a single positive class.
  warnings.warn(

2023-12-25 14:51:35,090:WARNING:C:\Users\Samsung\AppData\Local\Programs\Python\Python311\Lib\site-packages\sklearn\metrics\_classification.py:1344: UndefinedMetricWarning: Recall is ill-defined and being set to 0.0 in labels with no true samples. Use `zero_division` parameter to control this behavior.
  _warn_prf(average, modifier, msg_start, len(result))

2023-12-25 14:51:35,095:WARNING:C:\Users\Samsung\AppData\Local\Programs\Python\Python311\Lib\site-packages\sklearn\metrics\_classification.py:1396: UserWarning: Note that pos_label (set to '$99K-$177K (Glassdoor est.)') is ignored when average != 'binary' (got 'weighted'). You may use labels=[pos_label] to specify a single positive class.
  warnings.warn(

2023-12-25 14:51:35,101:WARNING:C:\Users\Samsung\AppData\Local\Programs\Python\Python311\Lib\site-packages\sklearn\metrics\_classification.py:1344: UndefinedMetricWarning: Precision is ill-defined and being set to 0.0 in labels with no predicted samples. Use `zero_division` parameter to control this behavior.
  _warn_prf(average, modifier, msg_start, len(result))

2023-12-25 14:51:35,129:WARNING:C:\Users\Samsung\AppData\Local\Programs\Python\Python311\Lib\site-packages\sklearn\metrics\_classification.py:1396: UserWarning: Note that pos_label (set to '$99K-$177K (Glassdoor est.)') is ignored when average != 'binary' (got 'weighted'). You may use labels=[pos_label] to specify a single positive class.
  warnings.warn(

2023-12-25 14:51:35,134:WARNING:C:\Users\Samsung\AppData\Local\Programs\Python\Python311\Lib\site-packages\sklearn\metrics\_classification.py:1609: UndefinedMetricWarning: F-score is ill-defined and being set to 0.0 in labels with no true nor predicted samples. Use `zero_division` parameter to control this behavior.
  _warn_prf(average, "true nor predicted", "F-score is", len(true_sum))

2023-12-25 14:51:35,434:WARNING:C:\Users\Samsung\AppData\Local\Programs\Python\Python311\Lib\site-packages\sklearn\linear_model\_logistic.py:458: ConvergenceWarning: lbfgs failed to converge (status=1):
STOP: TOTAL NO. of ITERATIONS REACHED LIMIT.

Increase the number of iterations (max_iter) or scale the data as shown in:
    https://scikit-learn.org/stable/modules/preprocessing.html
Please also refer to the documentation for alternative solver options:
    https://scikit-learn.org/stable/modules/linear_model.html#logistic-regression
  n_iter_i = _check_optimize_result(

2023-12-25 14:51:35,618:WARNING:C:\Users\Samsung\AppData\Local\Programs\Python\Python311\Lib\site-packages\pycaret\internal\metrics.py:190: FitFailedWarning: Metric 'make_scorer(roc_auc_score, needs_proba=True, error_score=0.0, average=weighted, multi_class=ovr)' failed and error score 0.0 has been returned instead. If this is a custom metric, this usually means that the error is in the metric code. Full exception below:
Traceback (most recent call last):
  File "C:\Users\Samsung\AppData\Local\Programs\Python\Python311\Lib\site-packages\pycaret\internal\metrics.py", line 182, in _score
    return super()._score(
           ^^^^^^^^^^^^^^^
  File "C:\Users\Samsung\AppData\Local\Programs\Python\Python311\Lib\site-packages\sklearn\metrics\_scorer.py", line 327, in _score
    return self._sign * self._score_func(y, y_pred, **self._kwargs)
                        ^^^^^^^^^^^^^^^^^^^^^^^^^^^^^^^^^^^^^^^^^^^
  File "C:\Users\Samsung\AppData\Local\Programs\Python\Python311\Lib\site-packages\pycaret\internal\metrics.py", line 87, in __call__
    return self.score_func(y_true, y_pred, **kwargs)
           ^^^^^^^^^^^^^^^^^^^^^^^^^^^^^^^^^^^^^^^^^
  File "C:\Users\Samsung\AppData\Local\Programs\Python\Python311\Lib\site-packages\sklearn\metrics\_ranking.py", line 566, in roc_auc_score
    return _multiclass_roc_auc_score(
           ^^^^^^^^^^^^^^^^^^^^^^^^^^
  File "C:\Users\Samsung\AppData\Local\Programs\Python\Python311\Lib\site-packages\sklearn\metrics\_ranking.py", line 683, in _multiclass_roc_auc_score
    raise ValueError(
ValueError: Number of classes in y_true not equal to the number of columns in 'y_score'

  warnings.warn(

2023-12-25 14:51:35,626:WARNING:C:\Users\Samsung\AppData\Local\Programs\Python\Python311\Lib\site-packages\sklearn\metrics\_classification.py:1396: UserWarning: Note that pos_label (set to '$99K-$177K (Glassdoor est.)') is ignored when average != 'binary' (got 'weighted'). You may use labels=[pos_label] to specify a single positive class.
  warnings.warn(

le/modules/preprocessing.html
Please also refer to the documentation for alternative solver options:
    https://scikit-learn.org/stable/modules/linear_model.html#logistic-regression
  n_iter_i = _check_optimize_result(

2023-12-25 14:51:35,631:WARNING:C:\Users\Samsung\AppData\Local\Programs\Python\Python311\Lib\site-packages\sklearn\metrics\_classification.py:1344: UndefinedMetricWarning: Recall is ill-defined and being set to 0.0 in labels with no true samples. Use `zero_division` parameter to control this behavior.
  _warn_prf(average, modifier, msg_start, len(result))

2023-12-25 14:51:35,636:WARNING:C:\Users\Samsung\AppData\Local\Programs\Python\Python311\Lib\site-packages\sklearn\metrics\_classification.py:1396: UserWarning: Note that pos_label (set to '$99K-$177K (Glassdoor est.)') is ignored when average != 'binary' (got 'weighted'). You may use labels=[pos_label] to specify a single positive class.
  warnings.warn(

2023-12-25 14:51:35,642:WARNING:C:\Users\Samsung\AppData\Local\Programs\Python\Python311\Lib\site-packages\sklearn\metrics\_classification.py:1344: UndefinedMetricWarning: Precision is ill-defined and being set to 0.0 in labels with no predicted samples. Use `zero_division` parameter to control this behavior.
  _warn_prf(average, modifier, msg_start, len(result))

2023-12-25 14:51:35,647:WARNING:C:\Users\Samsung\AppData\Local\Programs\Python\Python311\Lib\site-packages\sklearn\metrics\_classification.py:1396: UserWarning: Note that pos_label (set to '$99K-$177K (Glassdoor est.)') is ignored when average != 'binary' (got 'weighted'). You may use labels=[pos_label] to specify a single positive class.
  warnings.warn(

2023-12-25 14:51:35,653:WARNING:C:\Users\Samsung\AppData\Local\Programs\Python\Python311\Lib\site-packages\sklearn\metrics\_classification.py:1609: UndefinedMetricWarning: F-score is ill-defined and being set to 0.0 in labels with no true nor predicted samples. Use `zero_division` parameter to control this behavior.
  _warn_prf(average, "true nor predicted", "F-score is", len(true_sum))

2023-12-25 14:51:35,807:WARNING:C:\Users\Samsung\AppData\Local\Programs\Python\Python311\Lib\site-packages\pycaret\internal\metrics.py:190: FitFailedWarning: Metric 'make_scorer(roc_auc_score, needs_proba=True, error_score=0.0, average=weighted, multi_class=ovr)' failed and error score 0.0 has been returned instead. If this is a custom metric, this usually means that the error is in the metric code. Full exception below:
Traceback (most recent call last):
  File "C:\Users\Samsung\AppData\Local\Programs\Python\Python311\Lib\site-packages\pycaret\internal\metrics.py", line 182, in _score
    return super()._score(
           ^^^^^^^^^^^^^^^
  File "C:\Users\Samsung\AppData\Local\Programs\Python\Python311\Lib\site-packages\sklearn\metrics\_scorer.py", line 327, in _score
    return self._sign * self._score_func(y, y_pred, **self._kwargs)
                        ^^^^^^^^^^^^^^^^^^^^^^^^^^^^^^^^^^^^^^^^^^^
  File "C:\Users\Samsung\AppData\Local\Programs\Python\Python311\Lib\site-packages\pycaret\internal\metrics.py", line 87, in __call__
    return self.score_func(y_true, y_pred, **kwargs)
           ^^^^^^^^^^^^^^^^^^^^^^^^^^^^^^^^^^^^^^^^^
  File "C:\Users\Samsung\AppData\Local\Programs\Python\Python311\Lib\site-packages\sklearn\metrics\_ranking.py", line 566, in roc_auc_score
    return _multiclass_roc_auc_score(
           ^^^^^^^^^^^^^^^^^^^^^^^^^^
  File "C:\Users\Samsung\AppData\Local\Programs\Python\Python311\Lib\site-packages\sklearn\metrics\_ranking.py", line 683, in _multiclass_roc_auc_score
    raise ValueError(
ValueError: Number of classes in y_true not equal to the number of columns in 'y_score'

  warnings.warn(

2023-12-25 14:51:35,813:WARNING:C:\Users\Samsung\AppData\Local\Programs\Python\Python311\Lib\site-packages\sklearn\metrics\_classification.py:1396: UserWarning: Note that pos_label (set to '$99K-$177K (Glassdoor est.)') is ignored when average != 'binary' (got 'weighted'). You may use labels=[pos_label] to specify a single positive class.
  warnings.warn(

2023-12-25 14:51:35,818:WARNING:C:\Users\Samsung\AppData\Local\Programs\Python\Python311\Lib\site-packages\sklearn\metrics\_classification.py:1344: UndefinedMetricWarning: Recall is ill-defined and being set to 0.0 in labels with no true samples. Use `zero_division` parameter to control this behavior.
  _warn_prf(average, modifier, msg_start, len(result))

2023-12-25 14:51:35,823:WARNING:C:\Users\Samsung\AppData\Local\Programs\Python\Python311\Lib\site-packages\sklearn\metrics\_classification.py:1396: UserWarning: Note that pos_label (set to '$99K-$177K (Glassdoor est.)') is ignored when average != 'binary' (got 'weighted'). You may use labels=[pos_label] to specify a single positive class.
  warnings.warn(

2023-12-25 14:51:35,829:WARNING:C:\Users\Samsung\AppData\Local\Programs\Python\Python311\Lib\site-packages\sklearn\metrics\_classification.py:1344: UndefinedMetricWarning: Precision is ill-defined and being set to 0.0 in labels with no predicted samples. Use `zero_division` parameter to control this behavior.
  _warn_prf(average, modifier, msg_start, len(result))

2023-12-25 14:51:35,834:WARNING:C:\Users\Samsung\AppData\Local\Programs\Python\Python311\Lib\site-packages\sklearn\metrics\_classification.py:1396: UserWarning: Note that pos_label (set to '$99K-$177K (Glassdoor est.)') is ignored when average != 'binary' (got 'weighted'). You may use labels=[pos_label] to specify a single positive class.
  warnings.warn(

2023-12-25 14:51:35,840:WARNING:C:\Users\Samsung\AppData\Local\Programs\Python\Python311\Lib\site-packages\sklearn\metrics\_classification.py:1609: UndefinedMetricWarning: F-score is ill-defined and being set to 0.0 in labels with no true nor predicted samples. Use `zero_division` parameter to control this behavior.
  _warn_prf(average, "true nor predicted", "F-score is", len(true_sum))

2024-01-16 08:47:16,978:WARNING:
'cuml' is a soft dependency and not included in the pycaret installation. Please run: `pip install cuml` to install.
2024-01-16 08:47:16,979:WARNING:
'cuml' is a soft dependency and not included in the pycaret installation. Please run: `pip install cuml` to install.
2024-01-16 08:47:16,980:WARNING:
'cuml' is a soft dependency and not included in the pycaret installation. Please run: `pip install cuml` to install.
2024-01-16 08:47:16,980:WARNING:
'cuml' is a soft dependency and not included in the pycaret installation. Please run: `pip install cuml` to install.
2024-01-16 08:47:32,044:WARNING:C:\Users\Samsung\Desktop\streamlitss\app.py:9: DeprecationWarning: `import pandas_profiling` is going to be deprecated by April 1st. Please use `import ydata_profiling` instead.
  import pandas_profiling

2024-02-19 13:28:26,709:WARNING:
'cuml' is a soft dependency and not included in the pycaret installation. Please run: `pip install cuml` to install.
2024-02-19 13:28:26,710:WARNING:
'cuml' is a soft dependency and not included in the pycaret installation. Please run: `pip install cuml` to install.
2024-02-19 13:28:26,710:WARNING:
'cuml' is a soft dependency and not included in the pycaret installation. Please run: `pip install cuml` to install.
2024-02-19 13:28:26,710:WARNING:
'cuml' is a soft dependency and not included in the pycaret installation. Please run: `pip install cuml` to install.
2024-02-19 13:28:43,108:WARNING:C:\Users\Samsung\Desktop\streamlitss\app.py:9: DeprecationWarning: `import pandas_profiling` is going to be deprecated by April 1st. Please use `import ydata_profiling` instead.
  import pandas_profiling

2024-02-19 22:23:49,550:WARNING:
'cuml' is a soft dependency and not included in the pycaret installation. Please run: `pip install cuml` to install.
2024-02-19 22:23:49,551:WARNING:
'cuml' is a soft dependency and not included in the pycaret installation. Please run: `pip install cuml` to install.
2024-02-19 22:23:49,552:WARNING:
'cuml' is a soft dependency and not included in the pycaret installation. Please run: `pip install cuml` to install.
2024-02-19 22:23:49,552:WARNING:
'cuml' is a soft dependency and not included in the pycaret installation. Please run: `pip install cuml` to install.
2024-02-19 22:24:00,220:WARNING:C:\Users\Samsung\Desktop\streamlitss\app.py:11: DeprecationWarning: `import pandas_profiling` is going to be deprecated by April 1st. Please use `import ydata_profiling` instead.
  import pandas_profiling

2024-02-19 22:53:42,999:WARNING:
'cuml' is a soft dependency and not included in the pycaret installation. Please run: `pip install cuml` to install.
2024-02-19 22:53:43,000:WARNING:
'cuml' is a soft dependency and not included in the pycaret installation. Please run: `pip install cuml` to install.
2024-02-19 22:53:43,000:WARNING:
'cuml' is a soft dependency and not included in the pycaret installation. Please run: `pip install cuml` to install.
2024-02-19 22:53:43,000:WARNING:
'cuml' is a soft dependency and not included in the pycaret installation. Please run: `pip install cuml` to install.
2024-02-19 22:53:54,338:WARNING:C:\Users\Samsung\Desktop\streamlitss\app.py:11: DeprecationWarning: `import pandas_profiling` is going to be deprecated by April 1st. Please use `import ydata_profiling` instead.
  import pandas_profiling

2024-10-25 20:56:29,095:WARNING:
'cuml' is a soft dependency and not included in the pycaret installation. Please run: `pip install cuml` to install.
2024-10-25 20:56:29,097:WARNING:
'cuml' is a soft dependency and not included in the pycaret installation. Please run: `pip install cuml` to install.
2024-10-25 20:56:29,097:WARNING:
'cuml' is a soft dependency and not included in the pycaret installation. Please run: `pip install cuml` to install.
2024-10-25 20:56:29,097:WARNING:
'cuml' is a soft dependency and not included in the pycaret installation. Please run: `pip install cuml` to install.
2024-10-25 20:56:44,007:WARNING:C:\Users\Samsung\Desktop\streamlitss\app.py:9: DeprecationWarning: `import pandas_profiling` is going to be deprecated by April 1st. Please use `import ydata_profiling` instead.
  import pandas_profiling

2024-10-25 21:05:26,982:WARNING:C:\Users\Samsung\Desktop\streamlitss\app.py:31: DtypeWarning: Columns (0,1,2,3,5,8,9,10,11,12,13,14,15,16,17,18,19,20,21,22,23,24,25,26,27,28,29,30,31,32,33,34,35,36,37,38,39,40,41,42,43,44,45,46,47,48,49,50,51,52,53,54,55,56,57,58,59,60,61,62,63,64,65,66,67,68,69,70,71,72,73,74,75,76,77,78,79,80,81,82,83,84,85) have mixed types. Specify dtype option on import or set low_memory=False.
  if os.path.exists('./dataset.csv'):

2024-10-25 21:09:16,644:WARNING:C:\Users\Samsung\Desktop\streamlitss\app.py:31: DtypeWarning: Columns (0,1,2,3,5,8,9,10,11,12,13,14,15,16,17,18,19,20,21,22,23,24,25,26,27,28,29,30,31,32,33,34,35,36,37,38,39,40,41,42,43,44,45,46,47,48,49,50,51,52,53,54,55,56,57,58,59,60,61,62,63,64,65,66,67,68,69,70,71,72,73,74,75,76,77,78,79,80,81,82,83,84,85) have mixed types. Specify dtype option on import or set low_memory=False.
  if os.path.exists('./dataset.csv'):

2024-10-25 21:09:18,933:WARNING:C:\Users\Samsung\Desktop\streamlitss\app.py:31: DtypeWarning: Columns (0,1,2,3,5,8,9,10,11,12,13,14,15,16,17,18,19,20,21,22,23,24,25,26,27,28,29,30,31,32,33,34,35,36,37,38,39,40,41,42,43,44,45,46,47,48,49,50,51,52,53,54,55,56,57,58,59,60,61,62,63,64,65,66,67,68,69,70,71,72,73,74,75,76,77,78,79,80,81,82,83,84,85) have mixed types. Specify dtype option on import or set low_memory=False.
  if os.path.exists('./dataset.csv'):

